<?xml version="1.0" encoding="UTF-8"?>
<!-- Generated by org.testng.reporters.JUnitReportReporter -->
<testsuite hostname="Tanveers-MacBook-Pro.local" name="test.AddContactTest" tests="1" failures="0" timestamp="3 Jan 2019 02:13:24 GMT" time="7.828" errors="0">
  <testcase name="AddContact" time="7.828" classname="test.AddContactTest"/>
</testsuite> <!-- test.AddContactTest -->
